<?xml version="1.0" encoding="UTF-8"?>
<testsuite xmlns:xsi="http://www.w3.org/2001/XMLSchema-instance" xsi:noNamespaceSchemaLocation="https://maven.apache.org/surefire/maven-surefire-plugin/xsd/surefire-test-report-3.0.xsd" version="3.0" name="com.espe.chat.ChatApplicationTests" time="3.084" tests="1" errors="0" skipped="0" failures="0">
  <properties>
[...]
</properties>
  <testcase name="contextLoads" classname="com.espe.chat.ChatApplicationTests" time="0.871">
    <system-out><![CDATA[11:51:54.897 [main] INFO org.springframework.test.context.support.AnnotationConfigContextLoaderUtils -- Could not detect default configuration classes for test class [com.espe.chat.ChatApplicationTests]: ChatApplicationTests does not declare any static, non-private, non-final, nested classes annotated with @Configuration.
11:51:55.006 [main] INFO org.springframework.boot.test.context.SpringBootTestContextBootstrapper -- Found @SpringBootConfiguration com.espe.chat.ChatApplication for test class com.espe.chat.ChatApplicationTests

  .   ____          _            __ _ _
 /\\ / ___'_ __ _ _(_)_ __  __ _ \ \ \ \
( ( )\___ | '_ | '_| | '_ \/ _` | \ \ \ \
 \\/  ___)| |_)| | | | | || (_| |  ) ) ) )
  '  |____| .__|_| |_|_| |_\__, | / / / /
 =========|_|==============|___/=/_/_/_/

 :: Spring Boot ::                (v3.3.2)

2024-07-30T11:51:55.478-05:00  INFO 8924 --- [chat] [           main] com.espe.chat.ChatApplicationTests       : Starting ChatApplicationTests using Java 21.0.2 with PID 8924 (started by Xavier in C:\Users\Usuario\Desktop\Xavier\Mis codigos\Java\ChatApp\chat)
2024-07-30T11:51:55.479-05:00  INFO 8924 --- [chat] [           main] com.espe.chat.ChatApplicationTests       : No active profile set, falling back to 1 default profile: "default"
2024-07-30T11:51:56.703-05:00  INFO 8924 --- [chat] [           main] o.s.b.a.w.s.WelcomePageHandlerMapping    : Adding welcome page: class path resource [static/index.html]
2024-07-30T11:51:56.899-05:00  INFO 8924 --- [chat] [           main] o.s.m.s.b.SimpleBrokerMessageHandler     : Starting...
2024-07-30T11:51:56.902-05:00  INFO 8924 --- [chat] [           main] o.s.m.s.b.SimpleBrokerMessageHandler     : BrokerAvailabilityEvent[available=true, SimpleBrokerMessageHandler [org.springframework.messaging.simp.broker.DefaultSubscriptionRegistry@687e6293]]
2024-07-30T11:51:56.904-05:00  INFO 8924 --- [chat] [           main] o.s.m.s.b.SimpleBrokerMessageHandler     : Started.
2024-07-30T11:51:56.913-05:00  INFO 8924 --- [chat] [           main] com.espe.chat.ChatApplicationTests       : Started ChatApplicationTests in 1.723 seconds (process running for 2.682)
]]></system-out>
    <system-err><![CDATA[WARNING: A Java agent has been loaded dynamically (C:\Users\Usuario\.m2\repository\net\bytebuddy\byte-buddy-agent\1.14.18\byte-buddy-agent-1.14.18.jar)
WARNING: If a serviceability tool is in use, please run with -XX:+EnableDynamicAgentLoading to hide this warning
WARNING: If a serviceability tool is not in use, please run with -Djdk.instrument.traceUsage for more information
WARNING: Dynamic loading of agents will be disallowed by default in a future release
]]></system-err>
  </testcase>
</testsuite>